Landmarks shape: torch.Size([1, 136])
A= tensor([[0.2500, 0.2041, 0.0000,  ..., 0.0000, 0.0000, 0.0000],
        [0.2041, 0.1667, 0.1826,  ..., 0.0000, 0.0000, 0.0000],
        [0.0000, 0.1826, 0.2000,  ..., 0.0000, 0.0000, 0.0000],
        ...,
        [0.0000, 0.0000, 0.0000,  ..., 0.1429, 0.1543, 0.0000],
        [0.0000, 0.0000, 0.0000,  ..., 0.1543, 0.1667, 0.1543],
        [0.0000, 0.0000, 0.0000,  ..., 0.0000, 0.1543, 0.1429]])
tensor(0.8819)
tensor(1.0346)
tensor(0.8787)
tensor(1.0576)
tensor(0.8658)
tensor(0.9004)
tensor(0.9333)
tensor(1.0867)
tensor(0.8897)
tensor(1.0952)
tensor(0.8780)
tensor(0.9126)
tensor(0.9217)
tensor(0.8807)
tensor(1.0130)
tensor(0.9407)
tensor(0.9516)
tensor(0.9469)
tensor(1.0063)
tensor(0.9838)
tensor(1.0783)
tensor(0.9589)
tensor(0.8833)
tensor(1.0137)
tensor(1.0646)
tensor(1.0453)
tensor(0.9271)
tensor(0.9789)
tensor(0.8479)
tensor(1.0131)
tensor(0.9630)
tensor(1.1047)
tensor(0.9224)
tensor(1.0458)
tensor(0.9041)
tensor(1.3228)
tensor(1.1308)
tensor(1.0077)
tensor(0.8543)
tensor(1.1135)
tensor(0.9909)
tensor(1.0001)
tensor(1.1576)
tensor(0.9347)
tensor(0.9430)
tensor(1.1222)
tensor(1.0175)
tensor(0.9082)
tensor(1.1575)
tensor(1.0681)
tensor(0.9406)
tensor(1.0343)
tensor(0.9406)
tensor(1.0824)
tensor(1.0961)
tensor(0.9529)
tensor(1.0513)
tensor(0.9689)
tensor(0.9529)
tensor(1.0251)
tensor(0.9465)
tensor(0.9529)
tensor(1.1139)
tensor(0.9306)
tensor(0.9041)
tensor(1.0159)
tensor(0.9406)
tensor(1.0251)
